<?xml version="1.0" encoding="UTF-8"?>
<!-- Generated by org.testng.reporters.JUnitReportReporter -->
<testsuite hostname="Dell-Vostro" failures="0" tests="1" name="BaseTest" time="129.352" errors="0" timestamp="2022-09-08T11:46:35 CEST" skipped="0">
  <testcase classname="BaseTest" name="firstLaunch" time="129.352"/>
  <system-out>
    <![CDATA[We used Google Chrome this test]]>
  </system-out>
</testsuite> <!-- BaseTest -->
