<?xml version="1.0" encoding="UTF-8"?>
<!-- Generated by org.testng.reporters.JUnitReportReporter -->
<testsuite hostname="Dell-Vostro" failures="0" tests="1" name="CartTest" time="5.214" errors="0" timestamp="2022-09-13T15:43:36 CEST" skipped="0">
  <testcase classname="CartTest" name="cartIsEmpty" time="5.214"/>
  <system-out/>
</testsuite> <!-- CartTest -->
