<?xml version="1.0" encoding="UTF-8"?>
<!-- Generated by org.testng.reporters.JUnitReportReporter -->
<testsuite hostname="Dell-Vostro" failures="0" tests="1" name="SingleTest" time="10.502" errors="0" timestamp="2022-09-09T15:14:40 CEST" skipped="0">
  <testcase classname="SingleTest" name="searcAmountItes" time="10.502"/>
  <system-out/>
</testsuite> <!-- SingleTest -->
