<?xml version="1.0" encoding="UTF-8"?>
<!-- Generated by org.testng.reporters.JUnitReportReporter -->
<testsuite hostname="Dell-Vostro" failures="0" tests="3" name="SearchTest" time="28.182" errors="0" timestamp="2022-09-11T15:14:40 CEST" skipped="0">
  <testcase classname="SearchTest" name="searchResultElemetsCount" time="7.955"/>
  <system-out/>
  <testcase classname="SearchTest" name="verifySearchResult" time="9.009"/>
  <system-out>
    <![CDATA[Смартфон Xiaomi 12 8/128GB Gray
Смартфон Xiaomi 12 8/256GB Gray
Смартфон Xiaomi 12 8/128GB Blue
Смартфон Xiaomi 12 8/256GB Blue
Смартфон Xiaomi 12 8/128GB Pink
Смартфон Xiaomi 12 8/256GB Pink
Смартфон Xiaomi 12 12/256GB Pink
Смартфон Xiaomi 12 12/256GB Blue
Смартфон Xiaomi Mi 11 12/256GB Purple Leather
Смартфон Xiaomi Mi 11 12/256GB Purple Leather
Смартфон Xiaomi 12 Pro 12/256GB Gray
Смартфон Xiaomi 12 Pro 12/256GB Blue]]>
  </system-out>
  <testcase classname="SearchTest" name="searchResultTest" time="11.218"/>
  <system-out/>
</testsuite> <!-- SearchTest -->
