<?xml version="1.0" encoding="UTF-8"?>
<!-- Generated by org.testng.reporters.JUnitReportReporter -->
<testsuite hostname="Dell-Vostro" failures="0" tests="1" name="HomeTest" time="24.383" errors="0" timestamp="2022-09-16T13:51:46 CEST" skipped="0">
  <testcase classname="HomeTest" name="open" time="24.383"/>
  <system-out/>
</testsuite> <!-- HomeTest -->
